[   48.438759] VT-GPIO_TEST: Initializing the Virtual Time GPIO_TEST LKM
[   48.453954] VT-GPIO_TEST: Input signal is mapped to IRQ: 181
[   48.464628] VT-GPIO_TEST: Input signal is mapped to IRQ: 182
[   48.475873] VT-GPIO_TEST: The interrupt rising request result is 0
[   48.487619] VT-GPIO_TEST: The interrupt rising request result is 0
[   80.309022] VT-GPIO_TEST: Dilating 1557
[   82.499422] VT-GPIO_TIME: TIME-RISE: 1521480183 25156060 nanoseconds
[   82.508987] VT-GPIO_TEST: Rising Edge detectedVT-DEBUG: returning from freeze_time with 1521480183044529341n sec and kill status 0 
[   82.531749] VT-GPIO_TEST: Freezing 1557
[   82.540799] VT-GPIO_TIME: TIME-RISE: 1521480183 66546832 nanoseconds
[   82.551552] VT-GPIO_TIME: TIME-PAUSE: 0 41390772 nanoseconds
[   92.598910] VT-GPIO_TIME: TIME-FALL: 1521480193 123765582 nanoseconds
[   92.608962] VT-GPIO_TEST: Falling Edge detectedVT-DEBUG: returning from unfreeze_time with 1521480193143846724n nsec and kill status 0
[   92.632545] VT-GPIO_TEST: Unfreezing 1557
[   92.641932] VT-GPIO_TIME: TIME-FALL: 1521480193 166802352 nanoseconds
[   92.652968] VT-GPIO_TIME: TIME-RESUME: 0 43036770 nanoseconds
[   97.479911] VT-GPIO_TEST: pause
[   97.488671] VT-GPIO_TIME: TIME-RISE: 1521480198 13243578 nanoseconds
[   97.498331] VT-GPIO_TEST: Rising Edge detectedVT-DEBUG: returning from freeze_time with 1521480198032770638n sec and kill status 0 
[   97.521281] VT-GPIO_TEST: Freezing 1557
[   97.530401] VT-GPIO_TIME: TIME-RISE: 1521480198 54977073 nanoseconds
[   97.541260] VT-GPIO_TIME: TIME-PAUSE: 0 41733495 nanoseconds
[  106.579801] VT-GPIO_TEST: resume
[  106.586391] VT-GPIO_TEST: value of pin: 0
[  106.591616] VT-GPIO_TIME: TIME-FALL: 1521480207 112525232 nanoseconds
[  106.605156] VT-GPIO_TEST: Falling Edge detectedVT-DEBUG: returning from unfreeze_time with 1521480207134210457n nsec and kill status 0
[  106.628101] VT-GPIO_TEST: Unfreezing 1557
[  106.637308] VT-GPIO_TIME: TIME-FALL: 1521480207 157101838 nanoseconds
[  106.648085] VT-GPIO_TIME: TIME-RESUME: 0 44576606 nanoseconds
[  110.755720] VT-GPIO_TIME: TIME-RISE: 1521480211 279160799 nanoseconds
[  110.765685] VT-GPIO_TEST: Rising Edge detectedVT-DEBUG: returning from freeze_time with 1521480211299089661n sec and kill status 0 
[  110.788640] VT-GPIO_TEST: Freezing 1557
[  110.797846] VT-GPIO_TIME: TIME-RISE: 1521480211 321301928 nanoseconds
[  110.808796] VT-GPIO_TIME: TIME-PAUSE: 0 42141129 nanoseconds
[  119.862966] VT-GPIO_TIME: TIME-FALL: 1521480220 385694928 nanoseconds
[  119.873018] VT-GPIO_TEST: Falling Edge detectedVT-DEBUG: returning from unfreeze_time with 1521480220405781569n nsec and kill status 0
[  119.896610] VT-GPIO_TEST: Unfreezing 1557
[  119.905996] VT-GPIO_TIME: TIME-FALL: 1521480220 428741404 nanoseconds
[  119.917033] VT-GPIO_TIME: TIME-RESUME: 0 43046476 nanoseconds
[  125.931776] VT-GPIO_TIME: TIME-RISE: 1521480226 454033669 nanoseconds
[  125.941742] VT-GPIO_TEST: Rising Edge detectedVT-DEBUG: returning from freeze_time with 1521480226473960948n sec and kill status 0 
[  125.964377] VT-GPIO_TEST: Freezing 1557
[  125.969599] VT-GPIO_TIME: TIME-RISE: 1521480226 491870802 nanoseconds
[  125.977853] VT-GPIO_TIME: TIME-PAUSE: 0 37837133 nanoseconds
[  136.087359] VT-GPIO_TIME: TIME-FALL: 1521480236 608824770 nanoseconds
[  136.106823] VT-GPIO_TEST: Falling Edge detectedVT-DEBUG: returning from unfreeze_time with 1521480236647564206n nsec and kill status 0
[  136.148999] VT-GPIO_TEST: Unfreezing 1557
[  136.154220] VT-GPIO_TIME: TIME-FALL: 1521480236 675699011 nanoseconds
[  136.158749] VT-GPIO_TIME: TIME-RESUME: 0 66874241 nanoseconds
[  138.922462] VT-GPIO_TEST: pause
[  138.951005] VT-GPIO_TIME: TIME-RISE: 1521480239 472251786 nanoseconds
[  138.960767] VT-GPIO_TEST: Rising Edge detectedVT-DEBUG: returning from freeze_time with 1521480239501782774n sec and kill status 0 
[  139.003312] VT-GPIO_TEST: Freezing 1557
[  139.022298] VT-GPIO_TIME: TIME-RISE: 1521480239 543551640 nanoseconds
[  139.033247] VT-GPIO_TIME: TIME-PAUSE: 0 71299854 nanoseconds
[  145.077727] VT-GPIO_TEST: resume
[  145.104025] VT-GPIO_TEST: value of pin: 0
[  145.109252] VT-GPIO_TIME: TIME-FALL: 1521480245 627135696 nanoseconds
[  145.112566] VT-GPIO_TEST: Falling Edge detectedVT-DEBUG: returning from unfreeze_time with 1521480245638633799n nsec and kill status 0
[  145.133628] VT-GPIO_TEST: Unfreezing 1557
[  145.138850] VT-GPIO_TIME: TIME-FALL: 1521480245 659627661 nanoseconds
[  145.143551] VT-GPIO_TIME: TIME-RESUME: 0 32491965 nanoseconds
[  149.276580] VT-GPIO_TIME: TIME-RISE: 1521480249 797017634 nanoseconds
[  149.296306] VT-GPIO_TEST: Rising Edge detectedVT-DEBUG: returning from freeze_time with 1521480249836220076n sec and kill status 0 
[  149.338305] VT-GPIO_TEST: Freezing 1557
[  149.357208] VT-GPIO_TIME: TIME-RISE: 1521480249 877657385 nanoseconds
[  149.368158] VT-GPIO_TIME: TIME-PAUSE: 0 80639751 nanoseconds
[  154.429481] VT-GPIO_TIME: TIME-FALL: 1521480254 949518079 nanoseconds
[  154.449296] VT-GPIO_TEST: Falling Edge detectedVT-DEBUG: returning from unfreeze_time with 1521480254989171568n nsec and kill status 0
[  154.492690] VT-GPIO_TEST: Unfreezing 1557
[  154.511972] VT-GPIO_TIME: TIME-FALL: 1521480255 32104722 nanoseconds
[  154.523957] VT-GPIO_TIME: TIME-RESUME: 1 18446744072792138259 nanoseconds
[  160.447903] VT-GPIO_TIME: TIME-RISE: 1521480260 967470330 nanoseconds
[  160.467715] VT-GPIO_TEST: Rising Edge detectedVT-DEBUG: returning from freeze_time with 1521480261007053828n sec and kill status 0 
[  160.510489] VT-GPIO_TEST: Freezing 1557
[  160.529597] VT-GPIO_TIME: TIME-RISE: 1521480261 49260535 nanoseconds
[  160.541495] VT-GPIO_TIME: TIME-PAUSE: 1 18446744072791341821 nanoseconds
[  165.602968] VT-GPIO_TIME: TIME-FALL: 1521480266 122133273 nanoseconds
[  165.622859] VT-GPIO_TEST: Falling Edge detectedVT-DEBUG: returning from unfreeze_time with 1521480266161862880n nsec and kill status 0
[  165.666297] VT-GPIO_TEST: Unfreezing 1557
[  165.685699] VT-GPIO_TIME: TIME-FALL: 1521480266 204875284 nanoseconds
[  165.696734] VT-GPIO_TIME: TIME-RESUME: 0 82742011 nanoseconds
[  166.493620] VT-GPIO_TEST: pause
[  166.522239] VT-GPIO_TIME: TIME-RISE: 1521480267 41423092 nanoseconds
[  166.531907] VT-GPIO_TEST: Rising Edge detectedVT-DEBUG: returning from freeze_time with 1521480267070844588n sec and kill status 0 
[  166.574597] VT-GPIO_TEST: Freezing 1557
[  166.593638] VT-GPIO_TIME: TIME-RISE: 1521480267 112741612 nanoseconds
[  166.604586] VT-GPIO_TIME: TIME-PAUSE: 0 71318520 nanoseconds
[  174.659159] VT-GPIO_TEST: resume
[  174.685648] VT-GPIO_TEST: value of pin: 0
[  174.690876] VT-GPIO_TIME: TIME-FALL: 1521480275 206452261 nanoseconds
[  174.694189] VT-GPIO_TEST: Falling Edge detectedVT-DEBUG: returning from unfreeze_time with 1521480275217951988n nsec and kill status 0
[  174.715244] VT-GPIO_TEST: Unfreezing 1557
[  174.720465] VT-GPIO_TIME: TIME-FALL: 1521480275 238937142 nanoseconds
[  174.725166] VT-GPIO_TIME: TIME-RESUME: 0 32484881 nanoseconds
[  183.800432] VT-GPIO_TIME: TIME-RISE: 1521480284 318177610 nanoseconds
[  183.820220] VT-GPIO_TEST: Rising Edge detectedVT-DEBUG: returning from freeze_time with 1521480284357503668n sec and kill status 0 
[  183.862316] VT-GPIO_TEST: Freezing 1557
[  183.881261] VT-GPIO_TIME: TIME-RISE: 1521480284 399017099 nanoseconds
[  183.892211] VT-GPIO_TIME: TIME-PAUSE: 0 80839489 nanoseconds
[  191.854334] VT-GPIO_TIME: TIME-FALL: 1521480292 371453118 nanoseconds
[  191.857648] VT-GPIO_TEST: Falling Edge detectedVT-DEBUG: returning from unfreeze_time with 1521480292380066779n nsec and kill status 0
[  191.874877] VT-GPIO_TEST: Unfreezing 1557
[  191.880098] VT-GPIO_TIME: TIME-FALL: 1521480292 397232232 nanoseconds
[  191.884800] VT-GPIO_TIME: TIME-RESUME: 0 25779114 nanoseconds
[  200.881162] VT-GPIO_TIME: TIME-RISE: 1521480301 397576727 nanoseconds
[  200.900990] VT-GPIO_TEST: Rising Edge detectedVT-DEBUG: returning from freeze_time with 1521480301437182138n sec and kill status 0 
[  200.943783] VT-GPIO_TEST: Freezing 1557
[  200.962999] VT-GPIO_TIME: TIME-RISE: 1521480301 479424134 nanoseconds
[  200.973949] VT-GPIO_TIME: TIME-PAUSE: 0 81847407 nanoseconds
[  209.037582] VT-GPIO_TIME: TIME-FALL: 1521480309 553356573 nanoseconds
[  209.057499] VT-GPIO_TEST: Falling Edge detectedVT-DEBUG: returning from unfreeze_time with 1521480309593129390n nsec and kill status 0
[  209.100940] VT-GPIO_TEST: Unfreezing 1557
[  209.120340] VT-GPIO_TIME: TIME-FALL: 1521480309 636128995 nanoseconds
[  209.131374] VT-GPIO_TIME: TIME-RESUME: 0 82772422 nanoseconds
[  212.846234] VT-GPIO_TEST: pause
[  212.875036] VT-GPIO_TIME: TIME-RISE: 1521480313 390517581 nanoseconds
[  212.884827] VT-GPIO_TEST: Rising Edge detectedVT-DEBUG: returning from freeze_time with 1521480313420154144n sec and kill status 0 
[  212.927501] VT-GPIO_TEST: Freezing 1557
[  212.946524] VT-GPIO_TIME: TIME-RISE: 1521480313 462014548 nanoseconds
[  212.957473] VT-GPIO_TIME: TIME-PAUSE: 0 71496967 nanoseconds
[  217.898028] VT-GPIO_TEST: resume
[  217.924346] VT-GPIO_TEST: value of pin: 0
[  217.929575] VT-GPIO_TIME: TIME-FALL: 1521480318 441788919 nanoseconds
[  217.932890] VT-GPIO_TEST: Falling Edge detectedVT-DEBUG: returning from unfreeze_time with 1521480318453282647n nsec and kill status 0
[  217.953959] VT-GPIO_TEST: Unfreezing 1557
[  217.959180] VT-GPIO_TIME: TIME-FALL: 1521480318 474281550 nanoseconds
[  217.963881] VT-GPIO_TIME: TIME-RESUME: 0 32492631 nanoseconds
[  227.128712] VT-GPIO_TIME: TIME-RISE: 1521480327 643079743 nanoseconds
[  227.148459] VT-GPIO_TEST: Rising Edge detectedVT-DEBUG: returning from freeze_time with 1521480327682309391n sec and kill status 0 
[  227.190474] VT-GPIO_TEST: Freezing 1557
[  227.209380] VT-GPIO_TIME: TIME-RISE: 1521480327 723756617 nanoseconds
[  227.220329] VT-GPIO_TIME: TIME-PAUSE: 0 80676874 nanoseconds
[  236.293334] VT-GPIO_TIME: TIME-FALL: 1521480336 806985899 nanoseconds
[  236.313159] VT-GPIO_TEST: Falling Edge detectedVT-DEBUG: returning from unfreeze_time with 1521480336846642641n nsec and kill status 0
[  236.356551] VT-GPIO_TEST: Unfreezing 1557
[  236.375917] VT-GPIO_TIME: TIME-FALL: 1521480336 889580834 nanoseconds
[  236.386953] VT-GPIO_TIME: TIME-RESUME: 0 82594935 nanoseconds
[  242.316887] VT-GPIO_TIME: TIME-RISE: 1521480342 830070127 nanoseconds
[  242.336676] VT-GPIO_TEST: Rising Edge detectedVT-DEBUG: returning from freeze_time with 1521480342869614960n sec and kill status 0 
[  242.379404] VT-GPIO_TEST: Freezing 1557
[  242.398563] VT-GPIO_TIME: TIME-RISE: 1521480342 911757133 nanoseconds
[  242.409510] VT-GPIO_TIME: TIME-PAUSE: 0 81687006 nanoseconds
[  250.467261] VT-GPIO_TIME: TIME-FALL: 1521480350 979810905 nanoseconds
[  250.470575] VT-GPIO_TEST: Falling Edge detectedVT-DEBUG: returning from unfreeze_time with 1521480350988435565n nsec and kill status 0
[  250.487828] VT-GPIO_TEST: Unfreezing 1557
[  250.492878] VT-GPIO_TIME: TIME-FALL: 1521480351 5613100 nanoseconds
[  250.498619] VT-GPIO_TIME: TIME-RESUME: 1 18446744072735353811 nanoseconds
[  258.495389] VT-GPIO_TIME: TIME-RISE: 1521480359 7482409 nanoseconds
[  258.515003] VT-GPIO_TEST: Rising Edge detectedVT-DEBUG: returning from freeze_time with 1521480359046678393n sec and kill status 0 
[  258.557739] VT-GPIO_TEST: Freezing 1557
[  258.576824] VT-GPIO_TIME: TIME-RISE: 1521480359 88843021 nanoseconds
[  258.587682] VT-GPIO_TIME: TIME-PAUSE: 0 81360612 nanoseconds
[  265.656135] VT-GPIO_TIME: TIME-FALL: 1521480366 167502817 nanoseconds
[  265.676017] VT-GPIO_TEST: Falling Edge detectedVT-DEBUG: returning from unfreeze_time with 1521480366207203348n nsec and kill status 0
[  265.719411] VT-GPIO_TEST: Unfreezing 1557
[  265.738776] VT-GPIO_TIME: TIME-FALL: 1521480366 250149872 nanoseconds
[  265.749812] VT-GPIO_TIME: TIME-RESUME: 0 82647055 nanoseconds
[  267.267255] VT-GPIO_TEST: pause
[  267.295899] VT-GPIO_TIME: TIME-RISE: 1521480367 807139967 nanoseconds
[  267.305655] VT-GPIO_TEST: Rising Edge detectedVT-DEBUG: returning from freeze_time with 1521480367836700452n sec and kill status 0 
[  267.348456] VT-GPIO_TEST: Freezing 1557
[  267.367649] VT-GPIO_TIME: TIME-RISE: 1521480367 878895952 nanoseconds
[  267.378597] VT-GPIO_TIME: TIME-PAUSE: 0 71755985 nanoseconds
[  276.427946] VT-GPIO_TEST: resume
[  276.454256] VT-GPIO_TEST: value of pin: 0
[  276.459485] VT-GPIO_TIME: TIME-FALL: 1521480376 967110722 nanoseconds
[  276.462799] VT-GPIO_TEST: Falling Edge detectedVT-DEBUG: returning from unfreeze_time with 1521480376978622823n nsec and kill status 0
[  276.483868] VT-GPIO_TEST: Unfreezing 1557
[  276.489089] VT-GPIO_TIME: TIME-FALL: 1521480376 999626226 nanoseconds
[  276.493799] VT-GPIO_TIME: TIME-RESUME: 0 32515504 nanoseconds
[  284.857676] VT-GPIO_TIME: TIME-RISE: 1521480385 367546327 nanoseconds
[  284.877483] VT-GPIO_TEST: Rising Edge detectedVT-DEBUG: returning from freeze_time with 1521480385407106240n sec and kill status 0 
[  284.920231] VT-GPIO_TEST: Freezing 1557
[  284.939411] VT-GPIO_TIME: TIME-RISE: 1521480385 449288908 nanoseconds
[  284.950361] VT-GPIO_TIME: TIME-PAUSE: 0 81742581 nanoseconds
[  290.010609] VT-GPIO_TIME: TIME-FALL: 1521480390 520072977 nanoseconds
[  290.030497] VT-GPIO_TEST: Falling Edge detectedVT-DEBUG: returning from unfreeze_time with 1521480390559778504n nsec and kill status 0
[  290.073890] VT-GPIO_TEST: Unfreezing 1557
[  290.093253] VT-GPIO_TIME: TIME-FALL: 1521480390 602728532 nanoseconds
[  290.104288] VT-GPIO_TIME: TIME-RESUME: 0 82655555 nanoseconds
[  297.637795] VT-GPIO_TEST: pause
[  297.666603] VT-GPIO_TIME: TIME-RISE: 1521480398 175472967 nanoseconds
[  297.676367] VT-GPIO_TEST: Rising Edge detectedVT-DEBUG: returning from freeze_time with 1521480398205052450n sec and kill status 0 
[  297.719008] VT-GPIO_TEST: Freezing 1557
[  297.738026] VT-GPIO_TIME: TIME-RISE: 1521480398 246905059 nanoseconds
[  297.748975] VT-GPIO_TIME: TIME-PAUSE: 0 71432092 nanoseconds
[  306.804777] VT-GPIO_TEST: resume
[  306.831127] VT-GPIO_TEST: value of pin: 0
[  306.836355] VT-GPIO_TIME: TIME-FALL: 1521480407 341637989 nanoseconds
[  306.839669] VT-GPIO_TEST: Falling Edge detectedVT-DEBUG: returning from unfreeze_time with 1521480407353127885n nsec and kill status 0
[  306.860732] VT-GPIO_TEST: Unfreezing 1557
[  306.865952] VT-GPIO_TIME: TIME-FALL: 1521480407 374121955 nanoseconds
[  306.870654] VT-GPIO_TIME: TIME-RESUME: 0 32483966 nanoseconds
[  310.188162] VT-GPIO_TIME: TIME-RISE: 1521480410 696053014 nanoseconds
[  310.207730] VT-GPIO_TEST: Rising Edge detectedVT-DEBUG: returning from freeze_time with 1521480410734947771n sec and kill status 0 
[  310.249605] VT-GPIO_TEST: Freezing 1557
[  310.268554] VT-GPIO_TIME: TIME-RISE: 1521480410 776456408 nanoseconds
[  310.279502] VT-GPIO_TIME: TIME-PAUSE: 0 80403394 nanoseconds
[  317.334305] VT-GPIO_TIME: TIME-FALL: 1521480417 841636589 nanoseconds
[  317.353966] VT-GPIO_TEST: Falling Edge detectedVT-DEBUG: returning from unfreeze_time with 1521480417880677836n nsec and kill status 0
[  317.396451] VT-GPIO_TEST: Unfreezing 1557
[  317.415574] VT-GPIO_TIME: TIME-FALL: 1521480417 922919669 nanoseconds
[  317.426610] VT-GPIO_TIME: TIME-RESUME: 0 81283080 nanoseconds
[  320.974297] VT-GPIO_TEST: pause
[  321.002553] VT-GPIO_TIME: TIME-RISE: 1521480421 509607123 nanoseconds
[  321.012315] VT-GPIO_TEST: Rising Edge detectedVT-DEBUG: returning from freeze_time with 1521480421538741642n sec and kill status 0 
[  321.054253] VT-GPIO_TEST: Freezing 1557
[  321.073203] VT-GPIO_TIME: TIME-RISE: 1521480421 580262736 nanoseconds
[  321.084150] VT-GPIO_TIME: TIME-PAUSE: 0 70655613 nanoseconds
[  329.131447] VT-GPIO_TEST: resume
[  329.157911] VT-GPIO_TEST: value of pin: 0
[  329.176926] VT-GPIO_TIME: TIME-FALL: 1521480429 683347986 nanoseconds
[  329.186757] VT-GPIO_TEST: Falling Edge detectedVT-DEBUG: returning from unfreeze_time with 1521480429712554042n nsec and kill status 0
[  329.229265] VT-GPIO_TEST: Unfreezing 1557
[  329.248410] VT-GPIO_TIME: TIME-FALL: 1521480429 754832037 nanoseconds
[  329.259445] VT-GPIO_TIME: TIME-RESUME: 0 71484051 nanoseconds
[  334.515353] VT-GPIO_TIME: TIME-RISE: 1521480435 21434960 nanoseconds
[  334.534855] VT-GPIO_TEST: Rising Edge detectedVT-DEBUG: returning from freeze_time with 1521480435060195645n sec and kill status 0 
[  334.576753] VT-GPIO_TEST: Freezing 1557
[  334.595716] VT-GPIO_TIME: TIME-RISE: 1521480435 101721033 nanoseconds
[  334.606665] VT-GPIO_TIME: TIME-PAUSE: 0 80286073 nanoseconds
[  339.669838] VT-GPIO_TIME: TIME-FALL: 1521480440 175431079 nanoseconds
[  339.689493] VT-GPIO_TEST: Falling Edge detectedVT-DEBUG: returning from unfreeze_time with 1521480440214476367n nsec and kill status 0
[  339.732003] VT-GPIO_TEST: Unfreezing 1557
[  339.751139] VT-GPIO_TIME: TIME-FALL: 1521480440 256743071 nanoseconds
[  339.762175] VT-GPIO_TIME: TIME-RESUME: 0 81311992 nanoseconds
[  341.240908] VT-GPIO_TEST: pause
[  341.269774] VT-GPIO_TIME: TIME-RISE: 1521480441 775245126 nanoseconds
[  341.279539] VT-GPIO_TEST: Rising Edge detectedVT-DEBUG: returning from freeze_time with 1521480441804386103n sec and kill status 0 
[  341.321478] VT-GPIO_TEST: Freezing 1557
[  341.340428] VT-GPIO_TIME: TIME-RISE: 1521480441 845908115 nanoseconds
[  341.351378] VT-GPIO_TIME: TIME-PAUSE: 0 70662989 nanoseconds
[  349.405984] VT-GPIO_TEST: resume
[  349.432357] VT-GPIO_TEST: value of pin: 0
[  349.437585] VT-GPIO_TIME: TIME-FALL: 1521480449 939539976 nanoseconds
[  349.440899] VT-GPIO_TEST: Falling Edge detectedVT-DEBUG: returning from unfreeze_time with 1521480449951034871n nsec and kill status 0
[  349.461963] VT-GPIO_TEST: Unfreezing 1557
[  349.467184] VT-GPIO_TIME: TIME-FALL: 1521480449 972031066 nanoseconds
[  349.471894] VT-GPIO_TIME: TIME-RESUME: 0 32491090 nanoseconds
[  355.864928] VT-GPIO_TIME: TIME-RISE: 1521480456 369258372 nanoseconds
[  355.884501] VT-GPIO_TEST: Rising Edge detectedVT-DEBUG: returning from freeze_time with 1521480456408176921n sec and kill status 0 
[  355.926403] VT-GPIO_TEST: Freezing 1557
[  355.945352] VT-GPIO_TIME: TIME-RISE: 1521480456 449693017 nanoseconds
[  355.956301] VT-GPIO_TIME: TIME-PAUSE: 0 80434645 nanoseconds
[  364.920232] VT-GPIO_TIME: TIME-FALL: 1521480465 423856135 nanoseconds
[  364.939880] VT-GPIO_TEST: Falling Edge detectedVT-DEBUG: returning from unfreeze_time with 1521480465462879342n nsec and kill status 0
[  364.982367] VT-GPIO_TEST: Unfreezing 1557
[  365.001502] VT-GPIO_TIME: TIME-FALL: 1521480465 505137297 nanoseconds
[  365.012537] VT-GPIO_TIME: TIME-RESUME: 0 81281162 nanoseconds
[  376.501997] VT-GPIO_TEST: pause
[  376.530203] VT-GPIO_TIME: TIME-RISE: 1521480477 33016082 nanoseconds
[  376.539868] VT-GPIO_TEST: Rising Edge detectedVT-DEBUG: returning from freeze_time with 1521480477061935492n sec and kill status 0 
[  376.581765] VT-GPIO_TEST: Freezing 1557
[  376.600709] VT-GPIO_TIME: TIME-RISE: 1521480477 103439545 nanoseconds
[  376.611658] VT-GPIO_TIME: TIME-PAUSE: 0 70423463 nanoseconds
[  385.659577] VT-GPIO_TEST: resume
[  385.685923] VT-GPIO_TEST: value of pin: 0
[  385.691150] VT-GPIO_TIME: TIME-FALL: 1521480486 190270757 nanoseconds
[  385.694464] VT-GPIO_TEST: Falling Edge detectedVT-DEBUG: returning from unfreeze_time with 1521480486201778942n nsec and kill status 0
[  385.715531] VT-GPIO_TEST: Unfreezing 1557
[  385.720752] VT-GPIO_TIME: TIME-FALL: 1521480486 222772346 nanoseconds
[  385.725455] VT-GPIO_TIME: TIME-RESUME: 0 32501589 nanoseconds
