[   44.319685] VT-GPIO_TEST: Initializing the Virtual Time GPIO_TEST LKM
[   44.331919] VT-GPIO_TEST: Input signal is mapped to IRQ: 181
[   44.345166] VT-GPIO_TEST: Input signal is mapped to IRQ: 182
[   44.356800] VT-GPIO_TEST: The interrupt rising request result is 0
[   44.368976] VT-GPIO_TEST: The interrupt rising request result is 0
[   78.403813] VT-GPIO_TEST: Dilating 1540
[   80.458014] VT-GPIO_TEST: pause
[   80.466508] VT-GPIO_TIME: TIME-RISE: 1521480183 25147540 nanoseconds
[   80.476071] VT-GPIO_TEST: Rising Edge detectedVT-DEBUG: returning from freeze_time with 1521480183044519167n sec and kill status 0 
[   80.498856] VT-GPIO_TEST: Freezing 1540
[   80.507908] VT-GPIO_TIME: TIME-RISE: 1521480183 66551528 nanoseconds
[   80.518663] VT-GPIO_TIME: TIME-PAUSE: 0 41403988 nanoseconds
[   90.557058] VT-GPIO_TEST: resume
[   90.563718] VT-GPIO_TEST: value of pin: 0
[   90.568946] VT-GPIO_TIME: TIME-FALL: 1521480193 123775705 nanoseconds
[   90.582487] VT-GPIO_TEST: Falling Edge detectedVT-DEBUG: returning from unfreeze_time with 1521480193145481509n nsec and kill status 0
[   90.605432] VT-GPIO_TEST: Unfreezing 1540
[   90.614639] VT-GPIO_TIME: TIME-FALL: 1521480193 168361923 nanoseconds
[   90.625408] VT-GPIO_TIME: TIME-RESUME: 0 44586218 nanoseconds
[   95.455876] VT-GPIO_TIME: TIME-RISE: 1521480198 13246018 nanoseconds
[   95.465742] VT-GPIO_TEST: Rising Edge detectedVT-DEBUG: returning from freeze_time with 1521480198032983572n sec and kill status 0 
[   95.488692] VT-GPIO_TEST: Freezing 1540
[   95.497811] VT-GPIO_TIME: TIME-RISE: 1521480198 55196251 nanoseconds
[   95.508670] VT-GPIO_TIME: TIME-PAUSE: 0 41950233 nanoseconds
[  104.555994] VT-GPIO_TIME: TIME-FALL: 1521480207 112513952 nanoseconds
[  104.566045] VT-GPIO_TEST: Falling Edge detectedVT-DEBUG: returning from unfreeze_time with 1521480207132598560n nsec and kill status 0
[  104.589636] VT-GPIO_TEST: Unfreezing 1540
[  104.599023] VT-GPIO_TIME: TIME-FALL: 1521480207 155557761 nanoseconds
[  104.610059] VT-GPIO_TIME: TIME-RESUME: 0 43043809 nanoseconds
[  108.713998] VT-GPIO_TEST: pause
[  108.722975] VT-GPIO_TIME: TIME-RISE: 1521480211 279155440 nanoseconds
[  108.732732] VT-GPIO_TEST: Rising Edge detectedVT-DEBUG: returning from freeze_time with 1521480211298877994n sec and kill status 0 
[  108.755696] VT-GPIO_TEST: Freezing 1540
[  108.764903] VT-GPIO_TIME: TIME-RISE: 1521480211 321088965 nanoseconds
[  108.775851] VT-GPIO_TIME: TIME-PAUSE: 0 41933525 nanoseconds
[  117.821354] VT-GPIO_TEST: resume
[  117.827943] VT-GPIO_TEST: value of pin: 0
[  117.833167] VT-GPIO_TIME: TIME-FALL: 1521480220 385726761 nanoseconds
[  117.846707] VT-GPIO_TEST: Falling Edge detectedVT-DEBUG: returning from unfreeze_time with 1521480220407404027n nsec and kill status 0
[  117.869651] VT-GPIO_TEST: Unfreezing 1540
[  117.878867] VT-GPIO_TIME: TIME-FALL: 1521480220 430294691 nanoseconds
[  117.889636] VT-GPIO_TIME: TIME-RESUME: 0 44567930 nanoseconds
[  123.872547] VT-GPIO_TEST: pause
[  123.899125] VT-GPIO_TIME: TIME-RISE: 1521480226 454027261 nanoseconds
[  123.908885] VT-GPIO_TEST: Rising Edge detectedVT-DEBUG: returning from freeze_time with 1521480226482648903n sec and kill status 0 
[  123.949699] VT-GPIO_TEST: Freezing 1540
[  123.967908] VT-GPIO_TIME: TIME-RISE: 1521480226 522820619 nanoseconds
[  123.978857] VT-GPIO_TIME: TIME-PAUSE: 0 68793358 nanoseconds
[  134.027165] VT-GPIO_TEST: resume
[  134.052437] VT-GPIO_TEST: value of pin: 0
[  134.071106] VT-GPIO_TIME: TIME-FALL: 1521480236 625165430 nanoseconds
[  134.080937] VT-GPIO_TEST: Falling Edge detectedVT-DEBUG: returning from unfreeze_time with 1521480236654300571n nsec and kill status 0
[  134.123306] VT-GPIO_TEST: Unfreezing 1540
[  134.142170] VT-GPIO_TIME: TIME-FALL: 1521480236 696228806 nanoseconds
[  134.153206] VT-GPIO_TIME: TIME-RESUME: 0 71063376 nanoseconds
[  136.918419] VT-GPIO_TIME: TIME-RISE: 1521480239 472229279 nanoseconds
[  136.937707] VT-GPIO_TEST: Rising Edge detectedVT-DEBUG: returning from freeze_time with 1521480239510767882n sec and kill status 0 
[  136.979435] VT-GPIO_TEST: Freezing 1540
[  136.998374] VT-GPIO_TIME: TIME-RISE: 1521480239 552203451 nanoseconds
[  137.009322] VT-GPIO_TIME: TIME-PAUSE: 0 79974172 nanoseconds
[  143.073825] VT-GPIO_TIME: TIME-FALL: 1521480245 627118647 nanoseconds
[  143.093463] VT-GPIO_TEST: Falling Edge detectedVT-DEBUG: returning from unfreeze_time with 1521480245666132543n nsec and kill status 0
[  143.135954] VT-GPIO_TEST: Unfreezing 1540
[  143.155093] VT-GPIO_TIME: TIME-FALL: 1521480245 708396207 nanoseconds
[  143.166130] VT-GPIO_TIME: TIME-RESUME: 0 81277560 nanoseconds
[  147.208408] VT-GPIO_TEST: pause
[  147.244051] VT-GPIO_TIME: TIME-RISE: 1521480249 796997072 nanoseconds
[  147.253813] VT-GPIO_TEST: Rising Edge detectedVT-DEBUG: returning from freeze_time with 1521480249826140835n sec and kill status 0 
[  147.295795] VT-GPIO_TEST: Freezing 1540
[  147.314778] VT-GPIO_TIME: TIME-RISE: 1521480249 867733184 nanoseconds
[  147.325727] VT-GPIO_TIME: TIME-PAUSE: 0 70736112 nanoseconds
[  152.369125] VT-GPIO_TEST: resume
[  152.394656] VT-GPIO_TEST: value of pin: 0
[  152.413426] VT-GPIO_TIME: TIME-FALL: 1521480254 965948500 nanoseconds
[  152.423255] VT-GPIO_TEST: Falling Edge detectedVT-DEBUG: returning from unfreeze_time with 1521480254995116887n nsec and kill status 0
[  152.465689] VT-GPIO_TEST: Unfreezing 1540
[  152.484493] VT-GPIO_TIME: TIME-FALL: 1521480255 37100702 nanoseconds
[  152.496481] VT-GPIO_TIME: TIME-RESUME: 1 18446744072780703818 nanoseconds
[  158.387598] VT-GPIO_TEST: pause
[  158.415446] VT-GPIO_TIME: TIME-RISE: 1521480260 967456015 nanoseconds
[  158.425210] VT-GPIO_TEST: Rising Edge detectedVT-DEBUG: returning from freeze_time with 1521480260996595738n sec and kill status 0 
[  158.467249] VT-GPIO_TEST: Freezing 1540
[  158.486186] VT-GPIO_TIME: TIME-RISE: 1521480261 38290617 nanoseconds
[  158.498087] VT-GPIO_TIME: TIME-PAUSE: 1 18446744072780386218 nanoseconds
[  163.542469] VT-GPIO_TEST: resume
[  163.568202] VT-GPIO_TEST: value of pin: 0
[  163.587073] VT-GPIO_TIME: TIME-FALL: 1521480266 138657504 nanoseconds
[  163.596904] VT-GPIO_TEST: Falling Edge detectedVT-DEBUG: returning from unfreeze_time with 1521480266167919427n nsec and kill status 0
[  163.639517] VT-GPIO_TEST: Unfreezing 1540
[  163.658497] VT-GPIO_TIME: TIME-FALL: 1521480266 210081143 nanoseconds
[  163.669533] VT-GPIO_TIME: TIME-RESUME: 0 71423639 nanoseconds
[  164.489832] VT-GPIO_TIME: TIME-RISE: 1521480267 41416000 nanoseconds
[  164.509148] VT-GPIO_TEST: Rising Edge detectedVT-DEBUG: returning from freeze_time with 1521480267080022388n sec and kill status 0 
[  164.551117] VT-GPIO_TEST: Freezing 1540
[  164.570178] VT-GPIO_TIME: TIME-RISE: 1521480267 121686395 nanoseconds
[  164.581126] VT-GPIO_TIME: TIME-PAUSE: 0 80270395 nanoseconds
[  172.655613] VT-GPIO_TIME: TIME-FALL: 1521480275 206427788 nanoseconds
[  172.675359] VT-GPIO_TEST: Falling Edge detectedVT-DEBUG: returning from unfreeze_time with 1521480275245646541n nsec and kill status 0
[  172.718038] VT-GPIO_TEST: Unfreezing 1540
[  172.737269] VT-GPIO_TIME: TIME-FALL: 1521480275 288092776 nanoseconds
[  172.748297] VT-GPIO_TIME: TIME-RESUME: 0 81664988 nanoseconds
[  181.740021] VT-GPIO_TEST: pause
[  181.768123] VT-GPIO_TIME: TIME-RISE: 1521480284 318176301 nanoseconds
[  181.777899] VT-GPIO_TEST: Rising Edge detectedVT-DEBUG: returning from freeze_time with 1521480284347452346n sec and kill status 0 
[  181.820075] VT-GPIO_TEST: Freezing 1540
[  181.839135] VT-GPIO_TIME: TIME-RISE: 1521480284 389196637 nanoseconds
[  181.850086] VT-GPIO_TIME: TIME-PAUSE: 0 71020336 nanoseconds
[  189.794072] VT-GPIO_TEST: resume
[  189.819714] VT-GPIO_TEST: value of pin: 0
[  189.824941] VT-GPIO_TIME: TIME-FALL: 1521480292 371437249 nanoseconds
[  189.828255] VT-GPIO_TEST: Falling Edge detectedVT-DEBUG: returning from unfreeze_time with 1521480292382931618n nsec and kill status 0
[  189.849307] VT-GPIO_TEST: Unfreezing 1540
[  189.854527] VT-GPIO_TIME: TIME-FALL: 1521480292 403918149 nanoseconds
[  189.859229] VT-GPIO_TIME: TIME-RESUME: 0 32480900 nanoseconds
[  198.821207] VT-GPIO_TEST: pause
[  198.848928] VT-GPIO_TIME: TIME-RISE: 1521480301 397552771 nanoseconds
[  198.858689] VT-GPIO_TEST: Rising Edge detectedVT-DEBUG: returning from freeze_time with 1521480301426694869n sec and kill status 0 
[  198.900757] VT-GPIO_TEST: Freezing 1540
[  198.919796] VT-GPIO_TIME: TIME-RISE: 1521480301 468424870 nanoseconds
[  198.930745] VT-GPIO_TIME: TIME-PAUSE: 0 70872099 nanoseconds
[  206.977422] VT-GPIO_TEST: resume
[  207.003061] VT-GPIO_TEST: value of pin: 0
[  207.021916] VT-GPIO_TIME: TIME-FALL: 1521480309 569857948 nanoseconds
[  207.031750] VT-GPIO_TEST: Falling Edge detectedVT-DEBUG: returning from unfreeze_time with 1521480309599057709n nsec and kill status 0
[  207.074233] VT-GPIO_TEST: Unfreezing 1540
[  207.093153] VT-GPIO_TIME: TIME-FALL: 1521480309 641097018 nanoseconds
[  207.104188] VT-GPIO_TIME: TIME-RESUME: 0 71239070 nanoseconds
[  210.842924] VT-GPIO_TIME: TIME-RISE: 1521480313 390537310 nanoseconds
[  210.862270] VT-GPIO_TEST: Rising Edge detectedVT-DEBUG: returning from freeze_time with 1521480313429179196n sec and kill status 0 
[  210.904058] VT-GPIO_TEST: Freezing 1540
[  210.923024] VT-GPIO_TIME: TIME-RISE: 1521480313 470647511 nanoseconds
[  210.933972] VT-GPIO_TIME: TIME-PAUSE: 0 80110201 nanoseconds
[  215.894588] VT-GPIO_TIME: TIME-FALL: 1521480318 441778107 nanoseconds
[  215.914233] VT-GPIO_TEST: Falling Edge detectedVT-DEBUG: returning from unfreeze_time with 1521480318480802501n nsec and kill status 0
[  215.956725] VT-GPIO_TEST: Unfreezing 1540
[  215.975861] VT-GPIO_TIME: TIME-FALL: 1521480318 523061084 nanoseconds
[  215.986897] VT-GPIO_TIME: TIME-RESUME: 0 81282977 nanoseconds
[  225.068254] VT-GPIO_TEST: pause
[  225.096643] VT-GPIO_TIME: TIME-RISE: 1521480327 643060947 nanoseconds
[  225.106407] VT-GPIO_TEST: Rising Edge detectedVT-DEBUG: returning from freeze_time with 1521480327672216669n sec and kill status 0 
[  225.148390] VT-GPIO_TEST: Freezing 1540
[  225.167364] VT-GPIO_TIME: TIME-RISE: 1521480327 713792599 nanoseconds
[  225.178312] VT-GPIO_TIME: TIME-PAUSE: 0 70731652 nanoseconds
[  234.233543] VT-GPIO_TEST: resume
[  234.258989] VT-GPIO_TEST: value of pin: 0
[  234.264218] VT-GPIO_TIME: TIME-FALL: 1521480336 806992003 nanoseconds
[  234.267531] VT-GPIO_TEST: Falling Edge detectedVT-DEBUG: returning from unfreeze_time with 1521480336818489871n nsec and kill status 0
[  234.288608] VT-GPIO_TEST: Unfreezing 1540
[  234.293829] VT-GPIO_TIME: TIME-FALL: 1521480336 839495026 nanoseconds
[  234.298531] VT-GPIO_TIME: TIME-RESUME: 0 32503023 nanoseconds
[  240.257254] VT-GPIO_TEST: pause
[  240.284899] VT-GPIO_TIME: TIME-RISE: 1521480342 830048545 nanoseconds
[  240.294653] VT-GPIO_TEST: Rising Edge detectedVT-DEBUG: returning from freeze_time with 1521480342859104150n sec and kill status 0 
[  240.336548] VT-GPIO_TEST: Freezing 1540
[  240.355515] VT-GPIO_TIME: TIME-RISE: 1521480342 900671582 nanoseconds
[  240.366463] VT-GPIO_TIME: TIME-PAUSE: 0 70623037 nanoseconds
[  248.407566] VT-GPIO_TEST: resume
[  248.433012] VT-GPIO_TEST: value of pin: 0
[  248.438242] VT-GPIO_TIME: TIME-FALL: 1521480350 979806112 nanoseconds
[  248.441555] VT-GPIO_TEST: Falling Edge detectedVT-DEBUG: returning from unfreeze_time with 1521480350991323521n nsec and kill status 0
[  248.462631] VT-GPIO_TEST: Unfreezing 1540
[  248.467766] VT-GPIO_TIME: TIME-FALL: 1521480351 12329510 nanoseconds
[  248.473517] VT-GPIO_TIME: TIME-RESUME: 1 18446744072742075014 nanoseconds
[  256.436076] VT-GPIO_TEST: pause
[  256.463534] VT-GPIO_TIME: TIME-RISE: 1521480359 7498618 nanoseconds
[  256.473116] VT-GPIO_TEST: Rising Edge detectedVT-DEBUG: returning from freeze_time with 1521480359036265747n sec and kill status 0 
[  256.515110] VT-GPIO_TEST: Freezing 1540
[  256.534015] VT-GPIO_TIME: TIME-RISE: 1521480359 77901880 nanoseconds
[  256.544874] VT-GPIO_TIME: TIME-PAUSE: 0 70403262 nanoseconds
[  263.588820] VT-GPIO_TEST: resume
[  263.621978] VT-GPIO_TEST: value of pin: 0
[  263.640771] VT-GPIO_TIME: TIME-FALL: 1521480366 183970771 nanoseconds
[  263.650603] VT-GPIO_TEST: Falling Edge detectedVT-DEBUG: returning from unfreeze_time with 1521480366213147324n nsec and kill status 0
[  263.692877] VT-GPIO_TEST: Unfreezing 1540
[  263.711602] VT-GPIO_TIME: TIME-FALL: 1521480366 254800623 nanoseconds
[  263.722638] VT-GPIO_TIME: TIME-RESUME: 0 70829852 nanoseconds
[  265.264100] VT-GPIO_TIME: TIME-RISE: 1521480367 807151293 nanoseconds
[  265.283457] VT-GPIO_TEST: Rising Edge detectedVT-DEBUG: returning from freeze_time with 1521480367845814342n sec and kill status 0 
[  265.325075] VT-GPIO_TEST: Freezing 1540
[  265.343586] VT-GPIO_TIME: TIME-RISE: 1521480367 886648209 nanoseconds
[  265.354534] VT-GPIO_TIME: TIME-PAUSE: 0 79496916 nanoseconds
[  274.424829] VT-GPIO_TIME: TIME-FALL: 1521480376 967111639 nanoseconds
[  274.444251] VT-GPIO_TEST: Falling Edge detectedVT-DEBUG: returning from unfreeze_time with 1521480377005884805n nsec and kill status 0
[  274.486683] VT-GPIO_TEST: Unfreezing 1540
[  274.505485] VT-GPIO_TIME: TIME-FALL: 1521480377 47865786 nanoseconds
[  274.517472] VT-GPIO_TIME: TIME-RESUME: 1 18446744072790305763 nanoseconds
[  282.790679] VT-GPIO_TEST: pause
[  282.825986] VT-GPIO_TIME: TIME-RISE: 1521480385 367567899 nanoseconds
[  282.835746] VT-GPIO_TEST: Rising Edge detectedVT-DEBUG: returning from freeze_time with 1521480385396706372n sec and kill status 0 
[  282.877781] VT-GPIO_TEST: Freezing 1540
[  282.896808] VT-GPIO_TIME: TIME-RISE: 1521480385 438397417 nanoseconds
[  282.907755] VT-GPIO_TIME: TIME-PAUSE: 0 70829518 nanoseconds
[  287.950968] VT-GPIO_TEST: resume
[  287.976573] VT-GPIO_TEST: value of pin: 0
[  287.995396] VT-GPIO_TIME: TIME-FALL: 1521480390 536552242 nanoseconds
[  288.005225] VT-GPIO_TEST: Falling Edge detectedVT-DEBUG: returning from unfreeze_time with 1521480390565779000n nsec and kill status 0
[  288.047793] VT-GPIO_TEST: Unfreezing 1540
[  288.066740] VT-GPIO_TIME: TIME-FALL: 1521480390 607897426 nanoseconds
[  288.077776] VT-GPIO_TIME: TIME-RESUME: 0 71345184 nanoseconds
[  295.634969] VT-GPIO_TIME: TIME-RISE: 1521480398 175475920 nanoseconds
[  295.654352] VT-GPIO_TEST: Rising Edge detectedVT-DEBUG: returning from freeze_time with 1521480398214189926n sec and kill status 0 
[  295.696257] VT-GPIO_TEST: Freezing 1540
[  295.715298] VT-GPIO_TIME: TIME-RISE: 1521480398 255814395 nanoseconds
[  295.726248] VT-GPIO_TIME: TIME-PAUSE: 0 80338475 nanoseconds
[  304.801898] VT-GPIO_TIME: TIME-FALL: 1521480407 341635081 nanoseconds
[  304.821612] VT-GPIO_TEST: Falling Edge detectedVT-DEBUG: returning from unfreeze_time with 1521480407380804587n nsec and kill status 0
[  304.864272] VT-GPIO_TEST: Unfreezing 1540
[  304.883482] VT-GPIO_TIME: TIME-FALL: 1521480407 423229908 nanoseconds
[  304.894519] VT-GPIO_TIME: TIME-RESUME: 0 81594827 nanoseconds
[  308.128195] VT-GPIO_TEST: pause
[  308.156578] VT-GPIO_TIME: TIME-RISE: 1521480410 696041152 nanoseconds
[  308.166336] VT-GPIO_TEST: Rising Edge detectedVT-DEBUG: returning from freeze_time with 1521480410725202540n sec and kill status 0 
[  308.208350] VT-GPIO_TEST: Freezing 1540
[  308.227352] VT-GPIO_TIME: TIME-RISE: 1521480410 766819305 nanoseconds
[  308.238300] VT-GPIO_TIME: TIME-PAUSE: 0 70778153 nanoseconds
[  315.284073] VT-GPIO_TEST: resume
[  315.300426] VT-GPIO_TEST: value of pin: 0
[  315.305654] VT-GPIO_TIME: TIME-FALL: 1521480417 841634559 nanoseconds
[  315.308967] VT-GPIO_TEST: Falling Edge detectedVT-DEBUG: returning from unfreeze_time with 1521480417853130178n nsec and kill status 0
[  315.330033] VT-GPIO_TEST: Unfreezing 1540
[  315.335254] VT-GPIO_TIME: TIME-FALL: 1521480417 874127126 nanoseconds
[  315.339956] VT-GPIO_TIME: TIME-RESUME: 0 32492567 nanoseconds
[  318.971052] VT-GPIO_TIME: TIME-RISE: 1521480421 509602138 nanoseconds
[  318.990749] VT-GPIO_TEST: Rising Edge detectedVT-DEBUG: returning from freeze_time with 1521480421548943715n sec and kill status 0 
[  319.033048] VT-GPIO_TEST: Freezing 1540
[  319.051898] VT-GPIO_TIME: TIME-RISE: 1521480421 590458192 nanoseconds
[  319.062847] VT-GPIO_TIME: TIME-PAUSE: 0 80856054 nanoseconds
[  327.128816] VT-GPIO_TIME: TIME-FALL: 1521480429 666684216 nanoseconds
[  327.148576] VT-GPIO_TEST: Falling Edge detectedVT-DEBUG: returning from unfreeze_time with 1521480429706087663n nsec and kill status 0
[  327.191588] VT-GPIO_TEST: Unfreezing 1540
[  327.210755] VT-GPIO_TIME: TIME-FALL: 1521480429 748639888 nanoseconds
[  327.221791] VT-GPIO_TIME: TIME-RESUME: 0 81955672 nanoseconds
[  332.455825] VT-GPIO_TEST: pause
[  332.483939] VT-GPIO_TIME: TIME-RISE: 1521480435 21446903 nanoseconds
[  332.493614] VT-GPIO_TEST: Rising Edge detectedVT-DEBUG: returning from freeze_time with 1521480435050662870n sec and kill status 0 
[  332.536161] VT-GPIO_TEST: Freezing 1540
[  332.555356] VT-GPIO_TIME: TIME-RISE: 1521480435 92870331 nanoseconds
[  332.566214] VT-GPIO_TIME: TIME-PAUSE: 0 71423428 nanoseconds
[  337.609909] VT-GPIO_TEST: resume
[  337.636098] VT-GPIO_TEST: value of pin: 0
[  337.655182] VT-GPIO_TIME: TIME-FALL: 1521480440 192176932 nanoseconds
[  337.665013] VT-GPIO_TEST: Falling Edge detectedVT-DEBUG: returning from unfreeze_time with 1521480440221645044n nsec and kill status 0
[  337.707853] VT-GPIO_TEST: Unfreezing 1540
[  337.726870] VT-GPIO_TIME: TIME-FALL: 1521480440 263864963 nanoseconds
[  337.737906] VT-GPIO_TIME: TIME-RESUME: 0 71688031 nanoseconds
[  339.238413] VT-GPIO_TIME: TIME-RISE: 1521480441 775263524 nanoseconds
[  339.258049] VT-GPIO_TEST: Rising Edge detectedVT-DEBUG: returning from freeze_time with 1521480441814481028n sec and kill status 0 
[  339.300219] VT-GPIO_TEST: Freezing 1540
[  339.319006] VT-GPIO_TIME: TIME-RISE: 1521480441 855868517 nanoseconds
[  339.329955] VT-GPIO_TIME: TIME-PAUSE: 0 80604993 nanoseconds
[  347.403382] VT-GPIO_TIME: TIME-FALL: 1521480449 939549457 nanoseconds
[  347.423082] VT-GPIO_TEST: Falling Edge detectedVT-DEBUG: returning from unfreeze_time with 1521480449978865993n nsec and kill status 0
[  347.466039] VT-GPIO_TEST: Unfreezing 1540
[  347.485111] VT-GPIO_TIME: TIME-FALL: 1521480450 21374181 nanoseconds
[  347.497097] VT-GPIO_TIME: TIME-RESUME: 1 18446744072791376340 nanoseconds
[  353.805428] VT-GPIO_TEST: pause
[  353.833612] VT-GPIO_TIME: TIME-RISE: 1521480456 369246372 nanoseconds
[  353.843389] VT-GPIO_TEST: Rising Edge detectedVT-DEBUG: returning from freeze_time with 1521480456398659030n sec and kill status 0 
[  353.885795] VT-GPIO_TEST: Freezing 1540
[  353.904881] VT-GPIO_TIME: TIME-RISE: 1521480456 440519271 nanoseconds
[  353.915831] VT-GPIO_TIME: TIME-PAUSE: 0 71272899 nanoseconds
[  362.860223] VT-GPIO_TEST: resume
[  362.886631] VT-GPIO_TEST: value of pin: 0
[  362.891861] VT-GPIO_TIME: TIME-FALL: 1521480465 423834092 nanoseconds
[  362.895175] VT-GPIO_TEST: Falling Edge detectedVT-DEBUG: returning from unfreeze_time with 1521480465435347335n nsec and kill status 0
[  362.916225] VT-GPIO_TEST: Unfreezing 1540
[  362.921446] VT-GPIO_TIME: TIME-FALL: 1521480465 456330242 nanoseconds
[  362.926147] VT-GPIO_TIME: TIME-RESUME: 0 32496150 nanoseconds
[  374.499053] VT-GPIO_TIME: TIME-RISE: 1521480477 33034760 nanoseconds
[  374.518561] VT-GPIO_TEST: Rising Edge detectedVT-DEBUG: returning from freeze_time with 1521480477071808592n sec and kill status 0 
[  374.560483] VT-GPIO_TEST: Freezing 1540
[  374.579446] VT-GPIO_TIME: TIME-RISE: 1521480477 113352441 nanoseconds
[  374.590128] VT-GPIO_TIME: TIME-PAUSE: 0 80317681 nanoseconds
[  383.657158] VT-GPIO_TIME: TIME-FALL: 1521480486 190285792 nanoseconds
[  383.676839] VT-GPIO_TEST: Falling Edge detectedVT-DEBUG: returning from unfreeze_time with 1521480486229373014n nsec and kill status 0
[  383.719385] VT-GPIO_TEST: Unfreezing 1540
[  383.738543] VT-GPIO_TIME: TIME-FALL: 1521480486 271681844 nanoseconds
[  383.749578] VT-GPIO_TIME: TIME-RESUME: 0 81396052 nanoseconds
