2018-03-20 18:48:00,197 - root - INFO - Starting Service ID: #1
2018-03-20 18:48:00,209 - root - INFO - Connection Manager Started: 1521589680.208326101
2018-03-20 18:48:00,220 - root - INFO - Host Activities Started: 1521589680.219227076
2018-03-20 18:48:01,277 - root - INFO - Host_System_pasuing: 1521589681.276745366
2018-03-20 18:48:01,292 - root - INFO - NCProcHandler_Stop_Services: 1521589681.292684078
2018-03-20 18:48:01,317 - root - INFO - NetCoor_Stop_Services: 1521589681.317140102
2018-03-20 18:48:08,329 - root - INFO - NCProcHandler_Resume_Services: 1521589688.329335928
2018-03-20 18:48:08,423 - root - INFO - NetCoor_Resume_Services: 1521589688.423435926
2018-03-20 18:48:07,332 - root - INFO - Host_System_pasuing: 1521589687.332333666
2018-03-20 18:48:14,377 - root - INFO - NCProcHandler_Stop_Services: 1521589694.377147913
2018-03-20 18:48:14,464 - root - INFO - NetCoor_Stop_Services: 1521589694.464003086
2018-03-20 18:48:20,475 - root - INFO - NCProcHandler_Resume_Services: 1521589700.475008011
2018-03-20 18:48:20,570 - root - INFO - NetCoor_Resume_Services: 1521589700.570430994
2018-03-20 18:48:14,342 - root - INFO - Host_System_pasuing: 1521589694.341940485
2018-03-20 18:48:32,588 - root - INFO - NCProcHandler_Stop_Services: 1521589712.588448048
2018-03-20 18:48:32,730 - root - INFO - NetCoor_Stop_Services: 1521589712.730168104
2018-03-20 18:48:41,744 - root - INFO - NCProcHandler_Resume_Services: 1521589721.744323969
2018-03-20 18:48:41,890 - root - INFO - NetCoor_Resume_Services: 1521589721.890041113
2018-03-20 18:48:22,384 - root - INFO - Host_System_pasuing: 1521589702.384525832
2018-03-20 18:48:58,939 - root - INFO - NCProcHandler_Stop_Services: 1521589738.939843893
2018-03-20 18:48:59,087 - root - INFO - NetCoor_Stop_Services: 1521589739.086874008
2018-03-20 18:49:09,102 - root - INFO - NCProcHandler_Resume_Services: 1521589749.102612019
2018-03-20 18:49:09,266 - root - INFO - NetCoor_Resume_Services: 1521589749.265780926
2018-03-20 18:48:28,390 - root - INFO - Host_System_pasuing: 1521589708.390499608
2018-03-20 18:49:25,287 - root - INFO - NCProcHandler_Stop_Services: 1521589765.286890984
2018-03-20 18:49:25,439 - root - INFO - NetCoor_Stop_Services: 1521589765.439162970
2018-03-20 18:49:30,449 - root - INFO - NCProcHandler_Resume_Services: 1521589770.449300051
2018-03-20 18:49:30,501 - root - INFO - NetCoor_Resume_Services: 1521589770.500643969
2018-03-20 18:48:37,403 - root - INFO - Host_System_pasuing: 1521589717.403342830
2018-03-20 18:49:39,473 - root - INFO - NCProcHandler_Stop_Services: 1521589779.473089933
2018-03-20 18:49:39,618 - root - INFO - NetCoor_Stop_Services: 1521589779.618365049
2018-03-20 18:49:48,633 - root - INFO - NCProcHandler_Resume_Services: 1521589788.633116961
2018-03-20 18:49:48,795 - root - INFO - NetCoor_Resume_Services: 1521589788.795253992
2018-03-20 18:48:52,425 - root - INFO - Host_System_pasuing: 1521589732.425768420
2018-03-20 18:50:16,890 - root - INFO - NCProcHandler_Stop_Services: 1521589816.890198946
2018-03-20 18:50:17,038 - root - INFO - NetCoor_Stop_Services: 1521589817.037980080
2018-03-20 18:50:24,050 - root - INFO - NCProcHandler_Resume_Services: 1521589824.050620079
2018-03-20 18:50:24,214 - root - INFO - NetCoor_Resume_Services: 1521589824.214514971
2018-03-20 18:49:04,473 - root - INFO - Host_System_pasuing: 1521589744.473244610
2018-03-20 18:50:52,429 - root - INFO - NCProcHandler_Stop_Services: 1521589852.429635048
2018-03-20 18:50:52,587 - root - INFO - NetCoor_Stop_Services: 1521589852.587266922
2018-03-20 18:51:02,603 - root - INFO - NCProcHandler_Resume_Services: 1521589862.603094101
2018-03-20 18:51:02,767 - root - INFO - NetCoor_Resume_Services: 1521589862.766849041
2018-03-20 18:49:12,484 - root - INFO - Host_System_pasuing: 1521589752.484737606
2018-03-20 18:51:10,620 - root - INFO - NCProcHandler_Stop_Services: 1521589870.620219946
2018-03-20 18:51:10,663 - root - INFO - NetCoor_Stop_Services: 1521589870.662739992
2018-03-20 18:51:20,677 - root - INFO - NCProcHandler_Resume_Services: 1521589880.677789927
2018-03-20 18:51:20,818 - root - INFO - NetCoor_Resume_Services: 1521589880.818346024
2018-03-20 18:49:18,524 - root - INFO - Host_System_pasuing: 1521589758.524017061
2018-03-20 18:51:36,861 - root - INFO - NCProcHandler_Stop_Services: 1521589896.861294985
2018-03-20 18:51:36,903 - root - INFO - NetCoor_Stop_Services: 1521589896.903481960
2018-03-20 18:51:46,914 - root - INFO - NCProcHandler_Resume_Services: 1521589906.914033890
2018-03-20 18:51:47,060 - root - INFO - NetCoor_Resume_Services: 1521589907.060026884
2018-03-20 18:49:24,564 - root - INFO - Host_System_pasuing: 1521589764.564001170
2018-03-20 18:51:52,936 - root - INFO - NCProcHandler_Stop_Services: 1521589912.936148882
2018-03-20 18:51:53,083 - root - INFO - NetCoor_Stop_Services: 1521589913.083051920
2018-03-20 18:51:58,093 - root - INFO - NCProcHandler_Resume_Services: 1521589918.093188047
2018-03-20 18:51:58,239 - root - INFO - NetCoor_Resume_Services: 1521589918.239542961
2018-03-20 18:49:40,619 - root - INFO - Host_System_pasuing: 1521589780.618995404
2018-03-20 18:52:33,353 - root - INFO - NCProcHandler_Stop_Services: 1521589953.352967024
2018-03-20 18:52:33,499 - root - INFO - NetCoor_Stop_Services: 1521589953.498991966
2018-03-20 18:52:41,512 - root - INFO - NCProcHandler_Resume_Services: 1521589961.512236118
2018-03-20 18:52:41,653 - root - INFO - NetCoor_Resume_Services: 1521589961.652995110
2018-03-20 18:49:54,671 - root - INFO - Host_System_pasuing: 1521589794.671529806
2018-03-20 18:52:55,547 - root - INFO - NCProcHandler_Stop_Services: 1521589975.547207117
2018-03-20 18:52:55,692 - root - INFO - NetCoor_Stop_Services: 1521589975.692492962
2018-03-20 18:53:02,704 - root - INFO - NCProcHandler_Resume_Services: 1521589982.704478025
2018-03-20 18:53:02,853 - root - INFO - NetCoor_Resume_Services: 1521589982.852837086
