2018-03-20 18:48:00,084 - root - INFO - Starting Service ID: #2
2018-03-20 18:48:00,097 - root - INFO - Connection Manager Started: 1521589680.096283913
2018-03-20 18:48:00,108 - root - INFO - Host Activities Started: 1521589680.107239008
2018-03-20 18:48:09,157 - root - INFO - Host_System_pasuing: 1521589689.157188904
2018-03-20 18:48:22,306 - root - INFO - NCProcHandler_Stop_Services: 1521589702.306643963
2018-03-20 18:48:22,395 - root - INFO - NetCoor_Stop_Services: 1521589702.395173073
2018-03-20 18:48:27,405 - root - INFO - NCProcHandler_Resume_Services: 1521589707.405380964
2018-03-20 18:48:27,500 - root - INFO - NetCoor_Resume_Services: 1521589707.500669003
2018-03-20 18:48:15,178 - root - INFO - Host_System_pasuing: 1521589695.178457752
2018-03-20 18:48:42,607 - root - INFO - NCProcHandler_Stop_Services: 1521589722.607217073
2018-03-20 18:48:42,754 - root - INFO - NetCoor_Stop_Services: 1521589722.754030943
2018-03-20 18:48:51,768 - root - INFO - NCProcHandler_Resume_Services: 1521589731.768600941
2018-03-20 18:48:51,931 - root - INFO - NetCoor_Resume_Services: 1521589731.931663036
2018-03-20 18:48:26,193 - root - INFO - Host_System_pasuing: 1521589706.192970632
2018-03-20 18:49:12,962 - root - INFO - NCProcHandler_Stop_Services: 1521589752.962218046
2018-03-20 18:49:13,107 - root - INFO - NetCoor_Stop_Services: 1521589753.107141972
2018-03-20 18:49:23,122 - root - INFO - NCProcHandler_Resume_Services: 1521589763.122860909
2018-03-20 18:49:23,286 - root - INFO - NetCoor_Resume_Services: 1521589763.285890102
2018-03-20 18:48:38,210 - root - INFO - Host_System_pasuing: 1521589718.210136387
2018-03-20 18:49:49,473 - root - INFO - NCProcHandler_Stop_Services: 1521589789.473851919
2018-03-20 18:49:49,620 - root - INFO - NetCoor_Stop_Services: 1521589789.619990110
2018-03-20 18:49:57,634 - root - INFO - NCProcHandler_Resume_Services: 1521589797.634048939
2018-03-20 18:49:57,797 - root - INFO - NetCoor_Resume_Services: 1521589797.797219038
2018-03-20 18:48:49,225 - root - INFO - Host_System_pasuing: 1521589729.225669431
2018-03-20 18:50:08,666 - root - INFO - NCProcHandler_Stop_Services: 1521589808.665985107
2018-03-20 18:50:08,708 - root - INFO - NetCoor_Stop_Services: 1521589808.708460093
2018-03-20 18:50:13,723 - root - INFO - NCProcHandler_Resume_Services: 1521589813.722908020
2018-03-20 18:50:13,863 - root - INFO - NetCoor_Resume_Services: 1521589813.863027096
2018-03-20 18:48:56,264 - root - INFO - Host_System_pasuing: 1521589736.264544767
2018-03-20 18:50:27,915 - root - INFO - NCProcHandler_Stop_Services: 1521589827.915879965
2018-03-20 18:50:28,062 - root - INFO - NetCoor_Stop_Services: 1521589828.062261105
2018-03-20 18:50:35,075 - root - INFO - NCProcHandler_Resume_Services: 1521589835.074984074
2018-03-20 18:50:35,237 - root - INFO - NetCoor_Resume_Services: 1521589835.237157106
2018-03-20 18:49:04,276 - root - INFO - Host_System_pasuing: 1521589744.276061766
2018-03-20 18:50:43,103 - root - INFO - NCProcHandler_Stop_Services: 1521589843.103478909
2018-03-20 18:50:43,256 - root - INFO - NetCoor_Stop_Services: 1521589843.256356001
2018-03-20 18:50:52,265 - root - INFO - NCProcHandler_Resume_Services: 1521589852.265341043
2018-03-20 18:50:52,427 - root - INFO - NetCoor_Resume_Services: 1521589852.427568913
2018-03-20 18:49:15,293 - root - INFO - Host_System_pasuing: 1521589755.293609385
2018-03-20 18:51:23,512 - root - INFO - NCProcHandler_Stop_Services: 1521589883.512417078
2018-03-20 18:51:23,657 - root - INFO - NetCoor_Stop_Services: 1521589883.657298088
2018-03-20 18:51:33,672 - root - INFO - NCProcHandler_Resume_Services: 1521589893.672486067
2018-03-20 18:51:33,836 - root - INFO - NetCoor_Resume_Services: 1521589893.836051941
2018-03-20 18:49:26,308 - root - INFO - Host_System_pasuing: 1521589766.308372786
2018-03-20 18:51:59,914 - root - INFO - NCProcHandler_Stop_Services: 1521589919.914678097
2018-03-20 18:52:00,063 - root - INFO - NetCoor_Stop_Services: 1521589920.062696934
2018-03-20 18:52:09,077 - root - INFO - NCProcHandler_Resume_Services: 1521589929.077408075
2018-03-20 18:52:09,241 - root - INFO - NetCoor_Resume_Services: 1521589929.241223097
2018-03-20 18:49:33,318 - root - INFO - Host_System_pasuing: 1521589773.318534631
2018-03-20 18:52:16,104 - root - INFO - NCProcHandler_Stop_Services: 1521589936.104842901
2018-03-20 18:52:16,147 - root - INFO - NetCoor_Stop_Services: 1521589936.147524118
2018-03-20 18:52:26,162 - root - INFO - NCProcHandler_Resume_Services: 1521589946.162791014
2018-03-20 18:52:26,303 - root - INFO - NetCoor_Resume_Services: 1521589946.303284883
2018-03-20 18:49:55,382 - root - INFO - Host_System_pasuing: 1521589795.382085018
2018-03-20 18:53:03,534 - root - INFO - NCProcHandler_Stop_Services: 1521589983.534162998
2018-03-20 18:53:03,679 - root - INFO - NetCoor_Stop_Services: 1521589983.679261923
2018-03-20 18:53:08,690 - root - INFO - NCProcHandler_Resume_Services: 1521589988.689954042
2018-03-20 18:53:08,853 - root - INFO - NetCoor_Resume_Services: 1521589988.853492022
